2022-08-13T18:17:48.820594+09:00 0 [Warning] TIMESTAMP with implicit DEFAULT value is deprecated. Please use --explicit_defaults_for_timestamp server option (see documentation for more details).
2022-08-13T18:17:48.829583+09:00 0 [Warning] Setting lower_case_table_names=2 because file system for /var/lib/mysql/ is case insensitive
2022-08-13T18:17:49.835382+09:00 0 [Warning] InnoDB: New log files created, LSN=45790
2022-08-13T18:17:50.243415+09:00 0 [Warning] InnoDB: Creating foreign key constraint system tables.
2022-08-13T18:17:50.279685+09:00 0 [Warning] No existing UUID has been found, so we assume that this is the first time that this server has been started. Generating a new UUID: cd9e5f0f-1ae8-11ed-9e0b-0242c0a8a003.
2022-08-13T18:17:50.287293+09:00 0 [Warning] Gtid table is not ready to be used. Table 'mysql.gtid_executed' cannot be opened.
2022-08-13T18:17:50.563361+09:00 0 [Warning] A deprecated TLS version TLSv1 is enabled. Please use TLSv1.2 or higher.
2022-08-13T18:17:50.564347+09:00 0 [Warning] A deprecated TLS version TLSv1.1 is enabled. Please use TLSv1.2 or higher.
2022-08-13T18:17:50.576801+09:00 0 [Warning] CA certificate ca.pem is self signed.
2022-08-13T18:17:50.705530+09:00 1 [Warning] root@localhost is created with an empty password ! Please consider switching off the --initialize-insecure option.
2022-08-13T18:18:04.479507+09:00 0 [Warning] TIMESTAMP with implicit DEFAULT value is deprecated. Please use --explicit_defaults_for_timestamp server option (see documentation for more details).
2022-08-13T18:18:04.489299+09:00 0 [Note] mysqld (mysqld 5.7.37-log) starting as process 79 ...
2022-08-13T18:18:04.497519+09:00 0 [Warning] Setting lower_case_table_names=2 because file system for /var/lib/mysql/ is case insensitive
2022-08-13T18:18:04.502077+09:00 0 [Note] InnoDB: PUNCH HOLE support available
2022-08-13T18:18:04.502834+09:00 0 [Note] InnoDB: Mutexes and rw_locks use GCC atomic builtins
2022-08-13T18:18:04.503407+09:00 0 [Note] InnoDB: Uses event mutexes
2022-08-13T18:18:04.504068+09:00 0 [Note] InnoDB: GCC builtin __atomic_thread_fence() is used for memory barrier
2022-08-13T18:18:04.505042+09:00 0 [Note] InnoDB: Compressed tables use zlib 1.2.11
2022-08-13T18:18:04.505871+09:00 0 [Note] InnoDB: Using Linux native AIO
2022-08-13T18:18:04.507066+09:00 0 [Note] InnoDB: Number of pools: 1
2022-08-13T18:18:04.507920+09:00 0 [Note] InnoDB: Using CPU crc32 instructions
2022-08-13T18:18:04.509856+09:00 0 [Note] InnoDB: Initializing buffer pool, total size = 128M, instances = 1, chunk size = 128M
2022-08-13T18:18:04.516664+09:00 0 [Note] InnoDB: Completed initialization of buffer pool
2022-08-13T18:18:04.519785+09:00 0 [Note] InnoDB: If the mysqld execution user is authorized, page cleaner thread priority can be changed. See the man page of setpriority().
2022-08-13T18:18:04.563716+09:00 0 [Note] InnoDB: Highest supported file format is Barracuda.
2022-08-13T18:18:04.669865+09:00 0 [Note] InnoDB: Creating shared tablespace for temporary tables
2022-08-13T18:18:04.673671+09:00 0 [Note] InnoDB: Setting file './ibtmp1' size to 12 MB. Physically writing the file full; Please wait ...
2022-08-13T18:18:04.736784+09:00 0 [Note] InnoDB: File './ibtmp1' size is now 12 MB.
2022-08-13T18:18:04.745090+09:00 0 [Note] InnoDB: 96 redo rollback segment(s) found. 96 redo rollback segment(s) are active.
2022-08-13T18:18:04.745823+09:00 0 [Note] InnoDB: 32 non-redo rollback segment(s) are active.
2022-08-13T18:18:04.747230+09:00 0 [Note] InnoDB: Waiting for purge to start
2022-08-13T18:18:04.798744+09:00 0 [Note] InnoDB: 5.7.37 started; log sequence number 2750904
2022-08-13T18:18:04.800177+09:00 0 [Note] InnoDB: Loading buffer pool(s) from /var/lib/mysql/ib_buffer_pool
2022-08-13T18:18:04.800512+09:00 0 [Note] Plugin 'FEDERATED' is disabled.
2022-08-13T18:18:04.851693+09:00 0 [Note] Found ca.pem, server-cert.pem and server-key.pem in data directory. Trying to enable SSL support using them.
2022-08-13T18:18:04.852731+09:00 0 [Note] Skipping generation of SSL certificates as certificate files are present in data directory.
2022-08-13T18:18:04.853633+09:00 0 [Warning] A deprecated TLS version TLSv1 is enabled. Please use TLSv1.2 or higher.
2022-08-13T18:18:04.854578+09:00 0 [Warning] A deprecated TLS version TLSv1.1 is enabled. Please use TLSv1.2 or higher.
2022-08-13T18:18:04.854674+09:00 0 [Note] InnoDB: Buffer pool(s) load completed at 220813 18:18:04
2022-08-13T18:18:04.860207+09:00 0 [Warning] CA certificate ca.pem is self signed.
2022-08-13T18:18:04.861034+09:00 0 [Note] Skipping generation of RSA key pair as key files are present in data directory.
2022-08-13T18:18:04.868627+09:00 0 [Warning] Insecure configuration for --pid-file: Location '/var/run/mysqld' in the path is accessible to all OS users. Consider choosing a different directory.
2022-08-13T18:18:05.161509+09:00 0 [Note] Event Scheduler: Loaded 0 events
2022-08-13T18:18:05.162369+09:00 0 [Note] mysqld: ready for connections.
Version: '5.7.37-log'  socket: '/var/run/mysqld/mysqld.sock'  port: 0  MySQL Community Server (GPL)
2022-08-13T18:18:16.446417+09:00 0 [Note] Giving 0 client threads a chance to die gracefully
2022-08-13T18:18:16.447121+09:00 0 [Note] Shutting down slave threads
2022-08-13T18:18:16.447885+09:00 0 [Note] Forcefully disconnecting 0 remaining clients
2022-08-13T18:18:16.448543+09:00 0 [Note] Event Scheduler: Purging the queue. 0 events
2022-08-13T18:18:16.449839+09:00 0 [Note] Binlog end
2022-08-13T18:18:16.454333+09:00 0 [Note] Shutting down plugin 'ngram'
2022-08-13T18:18:16.455048+09:00 0 [Note] Shutting down plugin 'partition'
2022-08-13T18:18:16.455700+09:00 0 [Note] Shutting down plugin 'BLACKHOLE'
2022-08-13T18:18:16.456256+09:00 0 [Note] Shutting down plugin 'ARCHIVE'
2022-08-13T18:18:16.456890+09:00 0 [Note] Shutting down plugin 'PERFORMANCE_SCHEMA'
2022-08-13T18:18:16.457610+09:00 0 [Note] Shutting down plugin 'MRG_MYISAM'
2022-08-13T18:18:16.458393+09:00 0 [Note] Shutting down plugin 'MyISAM'
2022-08-13T18:18:16.459095+09:00 0 [Note] Shutting down plugin 'INNODB_SYS_VIRTUAL'
2022-08-13T18:18:16.459651+09:00 0 [Note] Shutting down plugin 'INNODB_SYS_DATAFILES'
2022-08-13T18:18:16.460271+09:00 0 [Note] Shutting down plugin 'INNODB_SYS_TABLESPACES'
2022-08-13T18:18:16.460945+09:00 0 [Note] Shutting down plugin 'INNODB_SYS_FOREIGN_COLS'
2022-08-13T18:18:16.461676+09:00 0 [Note] Shutting down plugin 'INNODB_SYS_FOREIGN'
2022-08-13T18:18:16.462275+09:00 0 [Note] Shutting down plugin 'INNODB_SYS_FIELDS'
2022-08-13T18:18:16.463221+09:00 0 [Note] Shutting down plugin 'INNODB_SYS_COLUMNS'
2022-08-13T18:18:16.464147+09:00 0 [Note] Shutting down plugin 'INNODB_SYS_INDEXES'
2022-08-13T18:18:16.464733+09:00 0 [Note] Shutting down plugin 'INNODB_SYS_TABLESTATS'
2022-08-13T18:18:16.465833+09:00 0 [Note] Shutting down plugin 'INNODB_SYS_TABLES'
2022-08-13T18:18:16.466800+09:00 0 [Note] Shutting down plugin 'INNODB_FT_INDEX_TABLE'
2022-08-13T18:18:16.467391+09:00 0 [Note] Shutting down plugin 'INNODB_FT_INDEX_CACHE'
2022-08-13T18:18:16.468205+09:00 0 [Note] Shutting down plugin 'INNODB_FT_CONFIG'
2022-08-13T18:18:16.468982+09:00 0 [Note] Shutting down plugin 'INNODB_FT_BEING_DELETED'
2022-08-13T18:18:16.469816+09:00 0 [Note] Shutting down plugin 'INNODB_FT_DELETED'
2022-08-13T18:18:16.470634+09:00 0 [Note] Shutting down plugin 'INNODB_FT_DEFAULT_STOPWORD'
2022-08-13T18:18:16.471103+09:00 0 [Note] Shutting down plugin 'INNODB_METRICS'
2022-08-13T18:18:16.471923+09:00 0 [Note] Shutting down plugin 'INNODB_TEMP_TABLE_INFO'
2022-08-13T18:18:16.472668+09:00 0 [Note] Shutting down plugin 'INNODB_BUFFER_POOL_STATS'
2022-08-13T18:18:16.473326+09:00 0 [Note] Shutting down plugin 'INNODB_BUFFER_PAGE_LRU'
2022-08-13T18:18:16.474070+09:00 0 [Note] Shutting down plugin 'INNODB_BUFFER_PAGE'
2022-08-13T18:18:16.474635+09:00 0 [Note] Shutting down plugin 'INNODB_CMP_PER_INDEX_RESET'
2022-08-13T18:18:16.475341+09:00 0 [Note] Shutting down plugin 'INNODB_CMP_PER_INDEX'
2022-08-13T18:18:16.476029+09:00 0 [Note] Shutting down plugin 'INNODB_CMPMEM_RESET'
2022-08-13T18:18:16.476794+09:00 0 [Note] Shutting down plugin 'INNODB_CMPMEM'
2022-08-13T18:18:16.477550+09:00 0 [Note] Shutting down plugin 'INNODB_CMP_RESET'
2022-08-13T18:18:16.478211+09:00 0 [Note] Shutting down plugin 'INNODB_CMP'
2022-08-13T18:18:16.478828+09:00 0 [Note] Shutting down plugin 'INNODB_LOCK_WAITS'
2022-08-13T18:18:16.479647+09:00 0 [Note] Shutting down plugin 'INNODB_LOCKS'
2022-08-13T18:18:16.480661+09:00 0 [Note] Shutting down plugin 'INNODB_TRX'
2022-08-13T18:18:16.481341+09:00 0 [Note] Shutting down plugin 'InnoDB'
2022-08-13T18:18:16.482139+09:00 0 [Note] InnoDB: FTS optimize thread exiting.
2022-08-13T18:18:16.483349+09:00 0 [Note] InnoDB: Starting shutdown...
2022-08-13T18:18:16.585146+09:00 0 [Note] InnoDB: Dumping buffer pool(s) to /var/lib/mysql/ib_buffer_pool
2022-08-13T18:18:16.591068+09:00 0 [Note] InnoDB: Buffer pool(s) dump completed at 220813 18:18:16
2022-08-13T18:18:17.799400+09:00 0 [Note] InnoDB: Shutdown completed; log sequence number 12660992
2022-08-13T18:18:17.802488+09:00 0 [Note] InnoDB: Removed temporary tablespace data file: "ibtmp1"
2022-08-13T18:18:17.803325+09:00 0 [Note] Shutting down plugin 'MEMORY'
2022-08-13T18:18:17.804357+09:00 0 [Note] Shutting down plugin 'CSV'
2022-08-13T18:18:17.805267+09:00 0 [Note] Shutting down plugin 'sha256_password'
2022-08-13T18:18:17.806280+09:00 0 [Note] Shutting down plugin 'mysql_native_password'
2022-08-13T18:18:17.807261+09:00 0 [Note] Shutting down plugin 'binlog'
2022-08-13T18:18:17.812317+09:00 0 [Note] mysqld: Shutdown complete

2022-08-13T18:18:18.639158+09:00 0 [Warning] TIMESTAMP with implicit DEFAULT value is deprecated. Please use --explicit_defaults_for_timestamp server option (see documentation for more details).
2022-08-13T18:18:18.647798+09:00 0 [Note] mysqld (mysqld 5.7.37-log) starting as process 1 ...
2022-08-13T18:18:18.655966+09:00 0 [Warning] Setting lower_case_table_names=2 because file system for /var/lib/mysql/ is case insensitive
2022-08-13T18:18:18.662914+09:00 0 [Note] InnoDB: PUNCH HOLE support available
2022-08-13T18:18:18.663765+09:00 0 [Note] InnoDB: Mutexes and rw_locks use GCC atomic builtins
2022-08-13T18:18:18.664673+09:00 0 [Note] InnoDB: Uses event mutexes
2022-08-13T18:18:18.665677+09:00 0 [Note] InnoDB: GCC builtin __atomic_thread_fence() is used for memory barrier
2022-08-13T18:18:18.666792+09:00 0 [Note] InnoDB: Compressed tables use zlib 1.2.11
2022-08-13T18:18:18.667346+09:00 0 [Note] InnoDB: Using Linux native AIO
2022-08-13T18:18:18.668254+09:00 0 [Note] InnoDB: Number of pools: 1
2022-08-13T18:18:18.669119+09:00 0 [Note] InnoDB: Using CPU crc32 instructions
2022-08-13T18:18:18.671181+09:00 0 [Note] InnoDB: Initializing buffer pool, total size = 128M, instances = 1, chunk size = 128M
2022-08-13T18:18:18.677965+09:00 0 [Note] InnoDB: Completed initialization of buffer pool
2022-08-13T18:18:18.680869+09:00 0 [Note] InnoDB: If the mysqld execution user is authorized, page cleaner thread priority can be changed. See the man page of setpriority().
2022-08-13T18:18:18.733879+09:00 0 [Note] InnoDB: Highest supported file format is Barracuda.
2022-08-13T18:18:18.836727+09:00 0 [Note] InnoDB: Creating shared tablespace for temporary tables
2022-08-13T18:18:18.840277+09:00 0 [Note] InnoDB: Setting file './ibtmp1' size to 12 MB. Physically writing the file full; Please wait ...
2022-08-13T18:18:18.920596+09:00 0 [Note] InnoDB: File './ibtmp1' size is now 12 MB.
2022-08-13T18:18:18.928114+09:00 0 [Note] InnoDB: 96 redo rollback segment(s) found. 96 redo rollback segment(s) are active.
2022-08-13T18:18:18.929073+09:00 0 [Note] InnoDB: 32 non-redo rollback segment(s) are active.
2022-08-13T18:18:18.931335+09:00 0 [Note] InnoDB: 5.7.37 started; log sequence number 12660992
2022-08-13T18:18:18.933215+09:00 0 [Note] InnoDB: Loading buffer pool(s) from /var/lib/mysql/ib_buffer_pool
2022-08-13T18:18:18.933584+09:00 0 [Note] Plugin 'FEDERATED' is disabled.
2022-08-13T18:18:18.980705+09:00 0 [Note] Found ca.pem, server-cert.pem and server-key.pem in data directory. Trying to enable SSL support using them.
2022-08-13T18:18:18.985097+09:00 0 [Note] Skipping generation of SSL certificates as certificate files are present in data directory.
2022-08-13T18:18:18.987094+09:00 0 [Warning] A deprecated TLS version TLSv1 is enabled. Please use TLSv1.2 or higher.
2022-08-13T18:18:18.988434+09:00 0 [Warning] A deprecated TLS version TLSv1.1 is enabled. Please use TLSv1.2 or higher.
2022-08-13T18:18:18.999325+09:00 0 [Warning] CA certificate ca.pem is self signed.
2022-08-13T18:18:19.001769+09:00 0 [Note] Skipping generation of RSA key pair as key files are present in data directory.
2022-08-13T18:18:19.015916+09:00 0 [Note] Server hostname (bind-address): '*'; port: 3306
2022-08-13T18:18:19.016889+09:00 0 [Note] IPv6 is available.
2022-08-13T18:18:19.017857+09:00 0 [Note]   - '::' resolves to '::';
2022-08-13T18:18:19.019722+09:00 0 [Note] Server socket created on IP: '::'.
2022-08-13T18:18:19.026680+09:00 0 [Warning] Insecure configuration for --pid-file: Location '/var/run/mysqld' in the path is accessible to all OS users. Consider choosing a different directory.
2022-08-13T18:18:19.041930+09:00 0 [Note] InnoDB: Buffer pool(s) load completed at 220813 18:18:19
2022-08-13T18:18:19.405330+09:00 0 [Note] Event Scheduler: Loaded 0 events
2022-08-13T18:18:19.406665+09:00 0 [Note] mysqld: ready for connections.
Version: '5.7.37-log'  socket: '/var/run/mysqld/mysqld.sock'  port: 3306  MySQL Community Server (GPL)
